26-Jun-2021 16:15:41.836 INFOS [main] org.apache.catalina.startup.VersionLoggerListener.log Nom version serveur :              Apache Tomcat/8.5.68
26-Jun-2021 16:15:41.840 INFOS [main] org.apache.catalina.startup.VersionLoggerListener.log Serveur compilé :                  Jun 11 2021 13:32:01 UTC
26-Jun-2021 16:15:41.840 INFOS [main] org.apache.catalina.startup.VersionLoggerListener.log Version du serveur :               8.5.68.0
26-Jun-2021 16:15:41.840 INFOS [main] org.apache.catalina.startup.VersionLoggerListener.log Nom de l'OS :                      Windows 10
26-Jun-2021 16:15:41.840 INFOS [main] org.apache.catalina.startup.VersionLoggerListener.log Version OS :                       10.0
26-Jun-2021 16:15:41.840 INFOS [main] org.apache.catalina.startup.VersionLoggerListener.log Architecture :                     amd64
26-Jun-2021 16:15:41.840 INFOS [main] org.apache.catalina.startup.VersionLoggerListener.log Java Home :                        C:\Program Files\Java\jdk1.8.0_291\jre
26-Jun-2021 16:15:41.840 INFOS [main] org.apache.catalina.startup.VersionLoggerListener.log Version JVM :                      1.8.0_291-b10
26-Jun-2021 16:15:41.840 INFOS [main] org.apache.catalina.startup.VersionLoggerListener.log Fournisseur de la JVM :            Oracle Corporation
26-Jun-2021 16:15:41.840 INFOS [main] org.apache.catalina.startup.VersionLoggerListener.log CATALINA_BASE :                    C:\Users\zk942\Desktop\CircularPhoneNetbeansFinal\apache-tomcat-8.5.68
26-Jun-2021 16:15:41.840 INFOS [main] org.apache.catalina.startup.VersionLoggerListener.log CATALINA_HOME :                    C:\Users\zk942\Desktop\CircularPhoneNetbeansFinal\apache-tomcat-8.5.68
26-Jun-2021 16:15:41.841 INFOS [main] org.apache.catalina.startup.VersionLoggerListener.log Argument de la ligne de commande : -Djava.util.logging.config.file=C:\Users\zk942\Desktop\CircularPhoneNetbeansFinal\apache-tomcat-8.5.68\conf\logging.properties
26-Jun-2021 16:15:41.841 INFOS [main] org.apache.catalina.startup.VersionLoggerListener.log Argument de la ligne de commande : -Djava.util.logging.manager=org.apache.juli.ClassLoaderLogManager
26-Jun-2021 16:15:41.841 INFOS [main] org.apache.catalina.startup.VersionLoggerListener.log Argument de la ligne de commande : -Dhttp.nonProxyHosts=localhost|127.0.0.1|PCDEKEVIN
26-Jun-2021 16:15:41.841 INFOS [main] org.apache.catalina.startup.VersionLoggerListener.log Argument de la ligne de commande : -Djdk.tls.ephemeralDHKeySize=2048
26-Jun-2021 16:15:41.841 INFOS [main] org.apache.catalina.startup.VersionLoggerListener.log Argument de la ligne de commande : -Djava.protocol.handler.pkgs=org.apache.catalina.webresources
26-Jun-2021 16:15:41.841 INFOS [main] org.apache.catalina.startup.VersionLoggerListener.log Argument de la ligne de commande : -Dignore.endorsed.dirs=
26-Jun-2021 16:15:41.841 INFOS [main] org.apache.catalina.startup.VersionLoggerListener.log Argument de la ligne de commande : -Dcatalina.base=C:\Users\zk942\Desktop\CircularPhoneNetbeansFinal\apache-tomcat-8.5.68
26-Jun-2021 16:15:41.841 INFOS [main] org.apache.catalina.startup.VersionLoggerListener.log Argument de la ligne de commande : -Dcatalina.home=C:\Users\zk942\Desktop\CircularPhoneNetbeansFinal\apache-tomcat-8.5.68
26-Jun-2021 16:15:41.841 INFOS [main] org.apache.catalina.startup.VersionLoggerListener.log Argument de la ligne de commande : -Djava.io.tmpdir=C:\Users\zk942\Desktop\CircularPhoneNetbeansFinal\apache-tomcat-8.5.68\temp
26-Jun-2021 16:15:41.841 INFOS [main] org.apache.catalina.core.AprLifecycleListener.lifecycleEvent Chargement de la librairie Apache Tomcat Native [1.2.30] en utilisant APR version [1.7.0]
26-Jun-2021 16:15:41.841 INFOS [main] org.apache.catalina.core.AprLifecycleListener.lifecycleEvent Fonctionnalités d'APR : IPv6 [true], sendfile [true], accept filters [false], random [true]
26-Jun-2021 16:15:41.841 INFOS [main] org.apache.catalina.core.AprLifecycleListener.lifecycleEvent Configuration de APR/OpenSSL : useAprConnector [false], useOpenSSL [true]
26-Jun-2021 16:15:41.845 INFOS [main] org.apache.catalina.core.AprLifecycleListener.initializeSSL OpenSSL a été initialisé avec succès [OpenSSL 1.1.1k  25 Mar 2021]
26-Jun-2021 16:15:42.022 INFOS [main] org.apache.coyote.AbstractProtocol.init Initialisation du gestionnaire de protocole ["http-nio-8080"]
26-Jun-2021 16:15:42.277 INFOS [main] org.apache.tomcat.util.net.NioSelectorPool.getSharedSelector Using a shared selector for servlet write/read
26-Jun-2021 16:15:42.284 INFOS [main] org.apache.catalina.startup.Catalina.load Initialization processed in 753 ms
26-Jun-2021 16:15:42.340 INFOS [main] org.apache.catalina.core.StandardService.startInternal Démarrage du service [Catalina]
26-Jun-2021 16:15:42.340 INFOS [main] org.apache.catalina.core.StandardEngine.startInternal Démarrage du moteur de Servlets : [Apache Tomcat/8.5.68]
26-Jun-2021 16:15:42.346 INFOS [localhost-startStop-1] org.apache.catalina.startup.HostConfig.deployDirectory Déploiement du répertoire d'application web [C:\Users\zk942\Desktop\CircularPhoneNetbeansFinal\apache-tomcat-8.5.68\webapps\docs]
26-Jun-2021 16:15:42.505 INFOS [localhost-startStop-1] org.apache.catalina.startup.HostConfig.deployDirectory Le déploiement du répertoire [C:\Users\zk942\Desktop\CircularPhoneNetbeansFinal\apache-tomcat-8.5.68\webapps\docs] de l'application web s'est terminé en [159] ms
26-Jun-2021 16:15:42.506 INFOS [localhost-startStop-1] org.apache.catalina.startup.HostConfig.deployDirectory Déploiement du répertoire d'application web [C:\Users\zk942\Desktop\CircularPhoneNetbeansFinal\apache-tomcat-8.5.68\webapps\examples]
26-Jun-2021 16:15:43.050 INFOS [localhost-startStop-1] org.apache.catalina.startup.HostConfig.deployDirectory Le déploiement du répertoire [C:\Users\zk942\Desktop\CircularPhoneNetbeansFinal\apache-tomcat-8.5.68\webapps\examples] de l'application web s'est terminé en [544] ms
26-Jun-2021 16:15:43.050 INFOS [localhost-startStop-1] org.apache.catalina.startup.HostConfig.deployDirectory Déploiement du répertoire d'application web [C:\Users\zk942\Desktop\CircularPhoneNetbeansFinal\apache-tomcat-8.5.68\webapps\host-manager]
26-Jun-2021 16:15:43.075 INFOS [localhost-startStop-1] org.apache.catalina.startup.HostConfig.deployDirectory Le déploiement du répertoire [C:\Users\zk942\Desktop\CircularPhoneNetbeansFinal\apache-tomcat-8.5.68\webapps\host-manager] de l'application web s'est terminé en [25] ms
26-Jun-2021 16:15:43.075 INFOS [localhost-startStop-1] org.apache.catalina.startup.HostConfig.deployDirectory Déploiement du répertoire d'application web [C:\Users\zk942\Desktop\CircularPhoneNetbeansFinal\apache-tomcat-8.5.68\webapps\manager]
26-Jun-2021 16:15:43.097 INFOS [localhost-startStop-1] org.apache.catalina.startup.HostConfig.deployDirectory Le déploiement du répertoire [C:\Users\zk942\Desktop\CircularPhoneNetbeansFinal\apache-tomcat-8.5.68\webapps\manager] de l'application web s'est terminé en [22] ms
26-Jun-2021 16:15:43.098 INFOS [localhost-startStop-1] org.apache.catalina.startup.HostConfig.deployDirectory Déploiement du répertoire d'application web [C:\Users\zk942\Desktop\CircularPhoneNetbeansFinal\apache-tomcat-8.5.68\webapps\ROOT]
26-Jun-2021 16:15:43.115 INFOS [localhost-startStop-1] org.apache.catalina.startup.HostConfig.deployDirectory Le déploiement du répertoire [C:\Users\zk942\Desktop\CircularPhoneNetbeansFinal\apache-tomcat-8.5.68\webapps\ROOT] de l'application web s'est terminé en [17] ms
26-Jun-2021 16:15:43.117 INFOS [main] org.apache.coyote.AbstractProtocol.start Démarrage du gestionnaire de protocole ["http-nio-8080"]
26-Jun-2021 16:15:43.123 INFOS [main] org.apache.catalina.startup.Catalina.start Server startup in 837 ms
26-Jun-2021 16:15:49.750 INFOS [http-nio-8080-exec-1] org.apache.catalina.startup.HostConfig.deployDescriptor Déploiement du descripteur de configuration [C:\Users\zk942\Desktop\CircularPhoneNetbeansFinal\apache-tomcat-8.5.68\conf\Catalina\localhost\CircularPhoneJSP.xml]
26-Jun-2021 16:15:50.043 INFOS [http-nio-8080-exec-1] org.apache.jasper.servlet.TldScanner.scanJars Au moins un fichier JAR a été analysé pour trouver des TLDs mais il n'en contenait pas, le mode "debug" du journal peut être activé pour obtenir une liste complète de JAR scannés sans succès ; éviter d'analyser des JARs inutilement peut améliorer sensiblement le temps de démarrage et le temps de compilation des JSPs
26-Jun-2021 16:15:50.046 INFOS [http-nio-8080-exec-1] org.apache.catalina.startup.HostConfig.deployDescriptor Le traitement du descripteur de déploiement [C:\Users\zk942\Desktop\CircularPhoneNetbeansFinal\apache-tomcat-8.5.68\conf\Catalina\localhost\CircularPhoneJSP.xml] a pris [296] ms
26-Jun-2021 16:15:50.049 INFOS [http-nio-8080-exec-4] org.apache.catalina.util.LifecycleBase.start La méthode start() a été appelée sur le composant [StandardEngine[Catalina].StandardHost[localhost].StandardContext[/CircularPhoneJSP]] après que start() ait déjà été appelé, le deuxième appel sera ignoré
26-Jun-2021 16:16:12.792 AVERTISSEMENT [http-nio-8080-exec-8] org.apache.catalina.loader.WebappClassLoaderBase.clearReferencesJdbc L'application web [CircularPhoneJSP] a enregistré un pilote JDBC [com.mysql.jdbc.Driver], mais ne l'a pas désenregistré avant l'arrêt de l'application.  Pour éviter une fuite de mémoire, le pilote JDBC a été désenregistré de force.
26-Jun-2021 16:16:12.792 AVERTISSEMENT [http-nio-8080-exec-8] org.apache.catalina.loader.WebappClassLoaderBase.clearReferencesThreads L'application web [CircularPhoneJSP] semble avoir démarré un thread nommé [mysql-cj-abandoned-connection-cleanup] mais ne l'a pas arrêté, ce qui va probablement créer une fuite de mémoire ; la trace du thread est : 
 java.lang.Object.wait(Native Method)
 java.lang.ref.ReferenceQueue.remove(ReferenceQueue.java:144)
 com.mysql.jdbc.AbandonedConnectionCleanupThread.run(AbandonedConnectionCleanupThread.java:80)
 java.util.concurrent.ThreadPoolExecutor.runWorker(ThreadPoolExecutor.java:1149)
 java.util.concurrent.ThreadPoolExecutor$Worker.run(ThreadPoolExecutor.java:624)
 java.lang.Thread.run(Thread.java:748)
26-Jun-2021 16:16:13.198 INFOS [mysql-cj-abandoned-connection-cleanup] org.apache.catalina.loader.WebappClassLoaderBase.checkStateForResourceLoading Impossible de charger [], ce chargeur de classes a déjà été arrêté
	java.lang.IllegalStateException: Impossible de charger [], ce chargeur de classes a déjà été arrêté
		at org.apache.catalina.loader.WebappClassLoaderBase.checkStateForResourceLoading(WebappClassLoaderBase.java:1435)
		at org.apache.catalina.loader.WebappClassLoaderBase.getResource(WebappClassLoaderBase.java:1060)
		at com.mysql.jdbc.AbandonedConnectionCleanupThread.checkThreadContextClassLoader(AbandonedConnectionCleanupThread.java:112)
		at com.mysql.jdbc.AbandonedConnectionCleanupThread.run(AbandonedConnectionCleanupThread.java:79)
		at java.util.concurrent.ThreadPoolExecutor.runWorker(ThreadPoolExecutor.java:1149)
		at java.util.concurrent.ThreadPoolExecutor$Worker.run(ThreadPoolExecutor.java:624)
		at java.lang.Thread.run(Thread.java:748)
26-Jun-2021 16:16:13.294 INFOS [http-nio-8080-exec-8] org.apache.catalina.startup.HostConfig.undeploy Retrait de l'application web ayant pour chemin de contexte [/CircularPhoneJSP]
26-Jun-2021 16:16:13.812 INFOS [ContainerBackgroundProcessor[StandardEngine[Catalina]]] org.apache.catalina.startup.HostConfig.undeploy Retrait de l'application web ayant pour chemin de contexte [/CircularPhoneJSP]
